Detecting C [-std=c11] compiler features failed to compile with the following output:
Change Dir: /home/huang/Desktop/code/build/CMakeFiles/CMakeTmp

Run Build Command:"/usr/bin/make" "cmTC_c3149/fast"
/usr/bin/make -f CMakeFiles/cmTC_c3149.dir/build.make CMakeFiles/cmTC_c3149.dir/build
make[1]: Entering directory '/home/huang/Desktop/code/build/CMakeFiles/CMakeTmp'
Building C object CMakeFiles/cmTC_c3149.dir/feature_tests.c.o
/usr/bin/c89-gcc   -std=c11 -o CMakeFiles/cmTC_c3149.dir/feature_tests.c.o   -c /home/huang/Desktop/code/build/CMakeFiles/feature_tests.c
c89-gcc called with non ANSI/ISO C option -std=c11
CMakeFiles/cmTC_c3149.dir/build.make:65: recipe for target 'CMakeFiles/cmTC_c3149.dir/feature_tests.c.o' failed
make[1]: *** [CMakeFiles/cmTC_c3149.dir/feature_tests.c.o] Error 1
make[1]: Leaving directory '/home/huang/Desktop/code/build/CMakeFiles/CMakeTmp'
Makefile:126: recipe for target 'cmTC_c3149/fast' failed
make: *** [cmTC_c3149/fast] Error 2



